==========================================================================
Using PRMS Parameter File: .\prms\usg_sagehen_par_0.params
Description: Generated by Gsflow python Package....
==========================================================================
Comment lines:
Version : --.--
==========================================================================
Using dimensions    number
ndays                366
ndepl                  2
nlake                  0
nmonths               12
nrain                  1
ntemp                  1
one                    1
nsegment              17
nreach              1386
ngw                31544
ngwcell            31544
nhru               31544
nhrucell           31544
nssr               31544
ncascade           31544
ncascdgw           31544
ndeplval              22
nsub                   1
nobs                   1
==========================================================================


               Precipitation-Runoff Modeling System (PRMS)
                       Version 6.1.0 09/01/2025

--------------------------------------------------------------------
        Process            Available Modules
--------------------------------------------------------------------
  Basin Definition: basin
    Cascading Flow: cascade
  Time Series Data: obs, water_use_read, dynamic_param_read
                    dynamic_soil_param_read
   Potet Solar Rad: soltab
  Temperature Dist: temp_1sta, temp_laps, temp_dist2, climate_hru,
                    temp_map
       Precip Dist: precip_1sta, precip_laps, precip_dist2,
                    climate_hru, precip_map
Temp & Precip Dist: xyz_dist, ide_dist
    Solar Rad Dist: ccsolrad, ddsolrad, climate_hru
Transpiration Dist: transp_tindex, climate_hru, transp_frost
      Potential ET: potet_hamon, potet_jh, potet_pan, climate_hru,
                    potet_hs, potet_pt, potet_pm, potet_pm_sta
      Interception: intcp
Snow & Glacr Dynam: snowcomp, glacr_melt
    Surface Runoff: srunoff_smidx, srunoff_carea
         Soil Zone: soilzone, soilzone_ag
       Groundwater: gwflow
Streamflow Routing: strmflow, strmflow_in_out, muskingum,
                    muskingum_lake, muskingum_mann, segment_to_hru
Streamflow Charact: strmflow_character
Stream Temperature: stream_temp
    Output Summary: basin_sum, subbasin, map_results, prms_summary,
                    nhru_summary, nsub_summary, water_balance
                    basin_summary, nsegment_summary, statvar_out
     Preprocessing: write_climate_hru, frost_date
--------------------------------------------------------------------

Github Commit Hash 25f61fe10733e5ba1ddac095e8546342764675cf

Execution start date and time (yyyy/mm/dd hh:mm:ss) 2025/10/24 13:37:12

==========================================================================
Using PRMS Data File: .\prms\usg_sagehen_dat.data
Title: PRMS datafile
==========================================================================
Comment lines:
==========================================================================
measured variables
tmax 1
tmin 1
precip 1
runoff 1
==========================================================================
 Data File time period: 1980/10/01 00:00:00 to 2007/06/30 00:00:00
Simulation time period: 1982/10/01 00:00:00 to 1996/09/31 00:00:00
==========================================================================

--------------------------------------------------------------------
    Active modules listed in the order in which they are called
--------------------------------------------------------------------
        Process                    Module         Version Date
==============================================================
PRMS Computation Order          gsflow_prms         09/01/2025
Read Control File               read_control_file   2025-01-16
Read Parameter File             read_parameter_file 2025-09-01
Read Data File                  read_data_file      2023-06-02
Basin Definition                basin               2025-02-26
Cascading Flow                  cascade             2025-02-27
Common States and Fluxes        climateflow         2025-01-16
Potential Solar Radiation       soltab              2025-02-21
Time Series Data                obs                 2023-11-01
Timestep Control                prms_time           2023-11-01
Temperature Distribution        temp_1sta           2025-01-11
Precipitation Distribution      precip_1sta         2025-02-12
Solar Radiation Distribution    ddsolrad            2023-10-04
Transpiration Distribution      transp_tindex       2023-11-01
Potential Evapotranspiration    potet_jh            2021-08-13
Canopy Interception             intcp               2024-04-04
Snow Dynamics                   snowcomp            2025-02-18
Surface Runoff                  srunoff_smidx       2024-10-09
Soilzone Computations           soilzone            2025-02-27
Groundwater                     gwflow              2024-12-01
Streamflow Routing              strmflow            2020-08-03
Output Summary                  basin_sum           2024-12-01
Statistics Variables Output     statvar_out         2021-09-08
==============================================================

Using Control File: usg_sagehen.control

Using Parameter File: .\prms\usg_sagehen_par_0.params
 Surface Water and Energy Budgets Simulated by PRMS version 6.1.0 09/01/2025


Start time: 1982/10/01 00:00:00
End time:   1996/09/31 00:00:00


Model domain area:        19486.70    Active basin area:     15699.20
Fraction impervious:        0.0007    Fraction pervious:       0.9993




   Year Month Day   Precip     ET    Storage  S-Runoff M-Runoff
                  (inches) (inches)  (inches) (inches) (inches)
 --------------------------------------------------------------
 initial                                2.000
   1983             62.526   21.172    12.747   30.607   16.578
   1984             49.079   21.848     5.736   34.242   11.305
   1985             27.934   19.310     5.807    8.552    4.865
   1986             59.697   20.187     7.725   37.591   11.684
   1987             17.302   16.862     2.865    5.301    2.782
   1988             18.877   17.084     3.257    1.401    1.788
   1989             45.038   20.456     7.847   19.992    5.479
   1990             28.624   20.292     6.082   10.097    2.804
   1991             28.058   20.702     5.474    7.965    2.408
   1992             21.326   17.024     3.499    6.278    1.662
   1993             47.401   21.209     7.705   21.986    8.159
   1994             19.651   16.740     3.470    7.145    1.807
   1995             61.193   19.355     6.856   38.451   12.742
   1996             49.599   19.971     6.439   30.045    9.837
 **************************************************************
 Total for run     536.304  272.241     6.383  259.680   93.905
 **************************************************************
Execution elapsed time:     2 minutes 12.30 seconds

